Traceback (most recent call last):
  File "new_consumer.py", line 173, in <module>
    stream.filter(track=QUERY)
  File "/usr/local/lib/python2.7/site-packages/tweepy/streaming.py", line 445, in filter
    self._start(async)
  File "/usr/local/lib/python2.7/site-packages/tweepy/streaming.py", line 361, in _start
    self._run()
  File "/usr/local/lib/python2.7/site-packages/tweepy/streaming.py", line 294, in _run
    raise exception
AttributeError: 'NoneType' object has no attribute 'strip'
No handlers could be found for logger "sentry.errors"
Sentry is attempting to send 1 pending error messages
Waiting up to 10 seconds
Press Ctrl-C to quit
Traceback (most recent call last):
  File "new_consumer.py", line 173, in <module>
    stream.filter(track=QUERY)
  File "/usr/local/lib/python2.7/site-packages/tweepy/streaming.py", line 445, in filter
    self._start(async)
  File "/usr/local/lib/python2.7/site-packages/tweepy/streaming.py", line 361, in _start
    self._run()
  File "/usr/local/lib/python2.7/site-packages/tweepy/streaming.py", line 294, in _run
    raise exception
AttributeError: 'NoneType' object has no attribute 'strip'
No handlers could be found for logger "sentry.errors"
Sentry is attempting to send 1 pending error messages
Waiting up to 10 seconds
Press Ctrl-C to quit
Three random followers of mine who RT this in the next 24hrs will win an ADVANCE SIGNED COPY OF MY NEW BOOK! https://t.co/OznsfeAENf Toronto 
RT &amp; follow @OriginalFunko for the chance to win a @ToysRUs exclusive flocked Gidget Pop! https://t.co/4mzqsWd5Ks Everett, WA
RT TO WIN: MeltCosmetics Rust Stack, follow us so we can DM you! https://t.co/p0wqLRX4gY MERCARI CODE: KPFVUT
fail
fail
fail
RT &amp; follow @OriginalFunko for the chance to win a @ToysRUs exclusive flocked Gidget Pop! https://t.co/4mzqsWd5Ks Everett, WA
RT &amp; follow @OriginalFunko for the chance to win a @ToysRUs exclusive flocked Gidget Pop! https://t.co/4mzqsWd5Ks Everett, WA
fail
fail
#GIVEAWAY - Enter to win this LIMITED EDITION Sketch Marker Liquid Eye Liner set. Follow @TooFaced and RT this post! https://t.co/qT5POQNah0 International
Want to win a Cuckoo Clock Bundle? RT this tweet. Lucky winner will be picked sometime on July 27th! #W101 https://t.co/osFV0QjkvD The Spiral
RT to WIN: Anastasia Beverly Hills bundle. :) https://t.co/vyk2SaUsKN Los Angeles, CA
fail
fail
RT IF YOUR TEAM IS GOING TO WIN ITS FIRST GAME Virginia
For the chance to #win today's three featured #friendship books, just RT &amp; follow by 5pm on Friday! https://t.co/n9azsxpoPy Chichester, West Sussex
GIVEAWAY: Retweet / Follow @Siefe and @TheDivisionBlog to win one (1) copy of The Division. Ends 15th Aug. 19:00.  [Global / Multi-Plat] US
RT for a chance to win today's featured #HUT item! https://t.co/nywab8aSlu Burnaby, BC, Canada
fail
Art Giveaway! Retweet to win! (Potentially win 2 of the pictures in this thread) 
#xtrvonx https://t.co/a0A1vlypfO Windy City/CoMo
RT &amp; follow @OriginalFunko for the chance to win a @ToysRUs exclusive flocked Gidget Pop! https://t.co/4mzqsWd5Ks Everett, WA
fail
fail
Giving this Razer Deathadder mouse to ONE lucky person.
Must FOLLOW ME @Revoke AND RETWEET this tweet to win! https://t.co/jXj8mA38qe California, USA
GIVEAWAY: Retweet / Follow @Siefe and @TheDivisionBlog to win one (1) copy of The Division. Ends 15th Aug. 19:00.  [Global / Multi-Plat] US
fail
RT &amp; follow @OriginalFunko for the chance to win a @ToysRUs exclusive flocked Gidget Pop! https://t.co/4mzqsWd5Ks Everett, WA
fail
RT &amp; follow @OriginalFunko for the chance to win a @ToysRUs exclusive flocked Gidget Pop! https://t.co/4mzqsWd5Ks Everett, WA
Art Giveaway! Retweet to win! (Potentially win 2 of the pictures in this thread) 
#xtrvonx https://t.co/a0A1vlypfO Windy City/CoMo
fail
GIVEAWAY: Retweet / Follow @Siefe and @TheDivisionBlog to win one (1) copy of The Division. Ends 15th Aug. 19:00.  [Global / Multi-Plat] US
Three random followers of mine who RT this in the next 24hrs will win an ADVANCE SIGNED COPY OF MY NEW BOOK! https://t.co/OznsfeAENf Toronto 
#Win the Big Summer Glamourcube Mini Competition! Follow &amp; RT the pic! Ends 31st August! #hugegiveaway https://t.co/yQ8icFLyPF United Kingdom
Christmas came early this year...

RT to WIN this KF Signature Collection to celebrate #XmasInJuly! https://t.co/3m7QLvbwjh We are everywhere...
RT &amp; follow @OriginalFunko for the chance to win a Death Star box from Smuggler's Bounty! https://t.co/NacdQvj4hI Everett, WA
Retweet this for a chance to win a digital copy of Welcome to Tokoharu Apartments! https://t.co/G9F3PGOLCj https://t.co/mLm0Ohlnob Portland, OR
RT &amp; follow @OriginalFunko for the chance to win a @ToysRUs exclusive flocked Gidget Pop! https://t.co/4mzqsWd5Ks Everett, WA
RT for chance to WIN 4 pases to the Glengarry Highland Games in Maxville July29&amp;30 https://t.co/SuS2sVO3lb https://t.co/Ucygqll1LR Ottawa
RT &amp; Follow to win a pair of tix to @MadDecent Block Party on Sunday, August 7th

Tix: https://t.co/0AESHvBAg7 https://t.co/68Mt2hYSSA New York City
fail
Three random followers of mine who RT this in the next 24hrs will win an ADVANCE SIGNED COPY OF MY NEW BOOK! https://t.co/OznsfeAENf Toronto 
RT &amp; FOLLOW to win
Morphe 35T Palette https://t.co/5SqNZ4AhPa fail
Which team will WIN Game 1 of the Crosstown Cup?

RT: #WhiteSox
LIKE: #Cubs

Join the TALK @ https://t.co/NwbSUiKl5B https://t.co/vTBJpp8DFM Chicago, IL
RT &amp; Follow to win a pair of tickets to @BounceBoat: On The Sea To Ezoo w/ @Dannic!

Tix: https://t.co/5PaMS9tXIy https://t.co/qEuUtiW86Y New York City
RT &amp; FOLLOW to win
Morphe 35T Palette https://t.co/5SqNZ4AhPa fail
Follow us &amp; RT #HotDTrio for a chance to #WIN a #Trio Statement #pendant (1/2) https://t.co/t19pjJIThz UK
fail
RT &amp; follow @OriginalFunko for the chance to win an #SDCC2016 exclusive Peter Potamus &amp; So-So Pop! 2-pack! https://t.co/RgIY590eVD Everett, WA
fail
Comic-Con Tweepstakes! RT, fill out survey &amp; follow for a chance to win a currency code. https://t.co/jtV98iU1oZ https://t.co/7Fw9H3P4Fg Redmond, WA
RT &amp; follow @CollectorCorps for a chance to win a Deadpool Mega Pop! Plush! https://t.co/bdJK76o9dS support@collectorcorps.com
RT &amp; follow @OriginalFunko for the chance to win a @ToysRUs exclusive flocked Gidget Pop! https://t.co/4mzqsWd5Ks Everett, WA
RT &amp; Follow to win a pair of tickets to Adventure In The Park!

Tix: https://t.co/sW7HZcHUWD https://t.co/vmvpc05YQp New York City
RT &amp; follow @CollectorCorps for a chance to win a Deadpool Mega Pop! Plush! https://t.co/bdJK76o9dS support@collectorcorps.com
fail
RT &amp; follow @OriginalFunko for the chance to win a @Target exclusive Maz Kanata! https://t.co/Lmdcc2J7sy Everett, WA
Got an iPhone 5? RT &amp; follow to enter to win #Falkentire iPhone case! #freestuff #win Rules https://t.co/7uQfUeI9Qk https://t.co/gWwjcwgkxz California, USA
It's tweet treat time! Never let the rain stop you running again with our Jacket! RT &amp; Follow to #WIN #MWTweetTreat https://t.co/aDXtwiuszd Worldwide
fail
fail
Me!!! RT @nhccALIVE: Want to win this #Culvers gift card? Retweet for a chance to win! https://t.co/dLv4zdgIaI Greenville, South Carolina
fail
RT &amp; Follow to win a pair of tickets to #HeldeepIsland w/ @OliverHeldens

Tix: https://t.co/NCQw4L9oRt https://t.co/pb8AbNBzWt New York City
fail
RT &amp; follow @OriginalFunko for the chance to win an #SDCC2016 exclusive Peter Potamus &amp; So-So Pop! 2-pack! https://t.co/RgIY590eVD Everett, WA
fail
RT &amp; follow @CollectorCorps for a chance to win a Deadpool Mega Pop! Plush! https://t.co/bdJK76o9dS support@collectorcorps.com
fail
RT &amp; Follow to win a pair of tix to Sundays on The Roof w/ @SoulClap at @OutputClubBK

Tix: https://t.co/3hb4X9Rb1v https://t.co/cOPioaQJM6 New York City
Retweet to see JASON to win Big Brother 2016! @jasonburrillBB #BBUK #JasonToWin https://t.co/uqL4qnGJzC The Big Brother House 
Which team will WIN Game 1 of the Crosstown Cup?

RT: #WhiteSox
LIKE: #Cubs

Join the TALK @ https://t.co/NwbSUiKl5B https://t.co/vTBJpp8DFM Chicago, IL
It's tweet treat time! Never let the rain stop you running again with our Jacket! RT &amp; Follow to #WIN #MWTweetTreat https://t.co/aDXtwiuszd Worldwide
fail
fail
RT &amp; follow @OriginalFunko for the chance to win a Women of DC box from @FunkoDCLegion ! https://t.co/d9hNszRMIo Everett, WA
RT &amp; follow @OriginalFunko for the chance to win a @ToysRUs exclusive flocked Gidget Pop! https://t.co/4mzqsWd5Ks Everett, WA
fail
#GIVEAWAY - Enter to win this LIMITED EDITION Sketch Marker Liquid Eye Liner set. Follow @TooFaced and RT this post! https://t.co/qT5POQNah0 International
#Pokecoin #Giveaway! RT/Follow for a chance to win! Screenshot your t-shirt order RECEIPT for +1 entries! Winners at 15k followers! Kanto Region
RT &amp; Follow to win a pair of tickets to Dark Disco On The Roof w/ @Amtrac

Tix: https://t.co/LF4rzXkLmW https://t.co/95xzNkTyDS New York City
fail
Owen Smith vs Jeremy Corbyn - who do you want to win? 

Please RT for wider response. UK
WIN Black CK Modern Cotton Thong(Size Medium)
Follow &amp; RT to enter 28/07 Draw
https://t.co/x4MMu0jgkE
#fridayfeeling https://t.co/A5C74pGNNq West Yorkshire
RT &amp; Follow to win a pair of tickets to see @MJCofficial at @OutputClubBK

Tix: https://t.co/o8sbQrvLqC https://t.co/zOXg9gENBW New York City
RT IF YOUR TEAM IS GOING TO WIN ITS FIRST GAME Virginia
RT &amp; follow @OriginalFunko for the chance to win a @ToysRUs exclusive flocked Gidget Pop! https://t.co/4mzqsWd5Ks Everett, WA
fail
RT and follow for a chance to win my new signed poster. I'll randomly pick 1 winner. https://t.co/sCfKk4LPUe https://t.co/f1lWUpZIcQ Chicago Illinois
RT for a chance to win today's featured #HUT item! https://t.co/nywab8aSlu Burnaby, BC, Canada
fail
RT &amp; follow @OriginalFunko for the chance to win an #SDCC2016 exclusive Peter Potamus &amp; So-So Pop! 2-pack! https://t.co/RgIY590eVD Everett, WA
ALRIGHT ITS OFFICIAL! OUR SECOND GIVE-AWAY STARTS NOW RT SPREAD THE WORD &amp; FOLLOW @NoChanceSports_ TO WIN! #NOCHANCE https://t.co/AOfiRr12IE Business@NoChancepro.com
fail
fail
It's #competition time! #Win a Fitbit in our #prize #giveaway. RT &amp; Follow to enter #realbuzzCharge https://t.co/Vn8mbRoM1g Global
RT for a chance to win today's featured #HUT item! https://t.co/nywab8aSlu Burnaby, BC, Canada
fail
fail
RT &amp; follow @OriginalFunko for the chance to win a @ToysRUs exclusive flocked Gidget Pop! https://t.co/4mzqsWd5Ks Everett, WA
fail
RT IF YOUR TEAM IS GOING TO WIN ITS FIRST GAME Virginia
fail
fail
RT &amp; follow @OriginalFunko for the chance to win a @ToysRUs exclusive flocked Gidget Pop! https://t.co/4mzqsWd5Ks Everett, WA
#Pokecoin #Giveaway! RT/Follow for a chance to win! Screenshot your t-shirt order RECEIPT for +1 entries! Winners at 15k followers! Kanto Region
fail
RT &amp; follow @OriginalFunko for the chance to win a @ToysRUs exclusive flocked Gidget Pop! https://t.co/4mzqsWd5Ks Everett, WA
#Casino https://t.co/JdqhBC24fr #Leicester #Cardiff #Coventry #Bradford #Belfast #Nottingham #Newcastle #Kingston #Plymouth #retweet #win Europe
fail
RT for a chance to win a $30 @StubHub gift code.

Winner announced Friday 7/29. StubHub is an Official Partner of Red Rocks. Morrison, CO
RT &amp; follow @CollectorCorps for a chance to win a Deadpool Mega Pop! Plush! https://t.co/bdJK76o9dS support@collectorcorps.com
#WIN a Seaside hamper! Follow + RT with #PoundlandSeaside to enter. t&amp;c: https://t.co/8DkEzmDGEp https://t.co/uRBwVcZIyO UK
RT &amp; follow #sweetsuite16 sponsor @LeapFrog to enter to win a learning fun prize pack! #LeapFrogGiveaway https://t.co/3RuLJAQlip New York City
Giving this Razer Deathadder mouse to ONE lucky person.
Must FOLLOW ME @Revoke AND RETWEET this tweet to win! https://t.co/jXj8mA38qe California, USA
Retweet this for a chance to win a digital copy of Welcome to Tokoharu Apartments! https://t.co/G9F3PGOLCj https://t.co/mLm0Ohlnob Portland, OR
fail
fail
fail
RT &amp; follow @OriginalFunko for the chance to win a @ToysRUs exclusive flocked Gidget Pop! https://t.co/4mzqsWd5Ks Everett, WA
Retweet &amp; follow us to #win a pair of our popular Cat Eye Sunglasses! #freebiefriday #comp #freebie #competition https://t.co/Jk1LUkGy7B Bristol
There's still time to enter today's #BorderBiscuits competition! Follow us &amp; RT for a chance to #WIN a case of our biscuits. Ends midnight. Lanark, Scotland
fail
RT for a chance to win today's featured #HUT item! https://t.co/nywab8aSlu Burnaby, BC, Canada
RT TO WIN: Koko K liquid lipstick (must be following me so I can dm the winner) https://t.co/Wn13WKl3Rq sc: glowkit / ig: beatputa
fail
RT &amp; follow #sweetsuite16 sponsor @LeapFrog to enter to win a learning fun prize pack! #LeapFrogGiveaway https://t.co/3RuLJAQlip New York City
Who's looking to join #TeamSCUF? Follow and RT for a chance to win a @ScufGaming controller! #PledgeAllegiance https://t.co/GkLrUORemF United States
RT &amp; follow @OriginalFunko for the chance to win an #SDCC2016 exclusive Peter Potamus &amp; So-So Pop! 2-pack! https://t.co/RgIY590eVD Everett, WA
Follow + RT to WIN
Enter here: https://t.co/fyuxpAmkFe https://t.co/l52Kfogdyl Canada
fail
RT &amp; Follow to win a pair of tix to Sundays on The Roof w/ @SoulClap at @OutputClubBK

Tix: https://t.co/3hb4X9Rb1v https://t.co/cOPioaQJM6 New York City
Traceback (most recent call last):
  File "new_consumer.py", line 177, in <module>
    stream.filter(track=QUERY)
  File "/usr/local/lib/python2.7/site-packages/tweepy/streaming.py", line 445, in filter
    self._start(async)
  File "/usr/local/lib/python2.7/site-packages/tweepy/streaming.py", line 361, in _start
    self._run()
  File "/usr/local/lib/python2.7/site-packages/tweepy/streaming.py", line 294, in _run
    raise exception
_mysql_exceptions.ProgrammingError: (1146, "Table 'test.tb3__retweets' doesn't exist")
No handlers could be found for logger "sentry.errors"
Sentry is attempting to send 1 pending error messages
Waiting up to 10 seconds
Press Ctrl-C to quit
